Started GET "/" for 127.0.0.1 at 2018-08-18 14:39:29 -0300
Processing by Rails::WelcomeController#index as HTML
  Rendering c:/RailsInstaller/Ruby2.3.3/lib/ruby/gems/2.3.0/gems/railties-5.2.1/lib/rails/templates/rails/welcome/index.html.erb
  Rendered c:/RailsInstaller/Ruby2.3.3/lib/ruby/gems/2.3.0/gems/railties-5.2.1/lib/rails/templates/rails/welcome/index.html.erb (7.0ms)
Completed 200 OK in 77ms (Views: 38.6ms | ActiveRecord: 0.0ms)


Started GET "/" for 127.0.0.1 at 2018-08-18 14:49:54 -0300
  
ActiveRecord::PendingMigrationError (

Migrations are pending. To resolve this issue, run:

        bin/rails db:migrate RAILS_ENV=development

):
  
activerecord (5.2.1) lib/active_record/migration.rb:579:in `check_pending!'
activerecord (5.2.1) lib/active_record/migration.rb:556:in `call'
actionpack (5.2.1) lib/action_dispatch/middleware/callbacks.rb:28:in `block in call'
activesupport (5.2.1) lib/active_support/callbacks.rb:98:in `run_callbacks'
actionpack (5.2.1) lib/action_dispatch/middleware/callbacks.rb:26:in `call'
actionpack (5.2.1) lib/action_dispatch/middleware/executor.rb:14:in `call'
actionpack (5.2.1) lib/action_dispatch/middleware/debug_exceptions.rb:61:in `call'
web-console (3.6.2) lib/web_console/middleware.rb:135:in `call_app'
web-console (3.6.2) lib/web_console/middleware.rb:30:in `block in call'
web-console (3.6.2) lib/web_console/middleware.rb:20:in `catch'
web-console (3.6.2) lib/web_console/middleware.rb:20:in `call'
actionpack (5.2.1) lib/action_dispatch/middleware/show_exceptions.rb:33:in `call'
railties (5.2.1) lib/rails/rack/logger.rb:38:in `call_app'
railties (5.2.1) lib/rails/rack/logger.rb:26:in `block in call'
activesupport (5.2.1) lib/active_support/tagged_logging.rb:71:in `block in tagged'
activesupport (5.2.1) lib/active_support/tagged_logging.rb:28:in `tagged'
activesupport (5.2.1) lib/active_support/tagged_logging.rb:71:in `tagged'
railties (5.2.1) lib/rails/rack/logger.rb:26:in `call'
sprockets-rails (3.2.1) lib/sprockets/rails/quiet_assets.rb:13:in `call'
actionpack (5.2.1) lib/action_dispatch/middleware/remote_ip.rb:81:in `call'
actionpack (5.2.1) lib/action_dispatch/middleware/request_id.rb:27:in `call'
rack (2.0.5) lib/rack/method_override.rb:22:in `call'
rack (2.0.5) lib/rack/runtime.rb:22:in `call'
activesupport (5.2.1) lib/active_support/cache/strategy/local_cache_middleware.rb:29:in `call'
actionpack (5.2.1) lib/action_dispatch/middleware/executor.rb:14:in `call'
actionpack (5.2.1) lib/action_dispatch/middleware/static.rb:127:in `call'
rack (2.0.5) lib/rack/sendfile.rb:111:in `call'
railties (5.2.1) lib/rails/engine.rb:524:in `call'
puma (3.12.0) lib/puma/configuration.rb:225:in `call'
puma (3.12.0) lib/puma/server.rb:658:in `handle_request'
puma (3.12.0) lib/puma/server.rb:472:in `process_client'
puma (3.12.0) lib/puma/server.rb:332:in `block in run'
puma (3.12.0) lib/puma/thread_pool.rb:133:in `block in spawn_thread'
  [1m[35m (1.0ms)[0m  [1m[34mSELECT sqlite_version(*)[0m
  ↳ c:/RailsInstaller/Ruby2.3.3/bin/rake:22
  [1m[35m (203.3ms)[0m  [1m[35mCREATE TABLE "schema_migrations" ("version" varchar NOT NULL PRIMARY KEY)[0m
  ↳ c:/RailsInstaller/Ruby2.3.3/bin/rake:22
  [1m[35m (171.8ms)[0m  [1m[35mCREATE TABLE "ar_internal_metadata" ("key" varchar NOT NULL PRIMARY KEY, "value" varchar, "created_at" datetime NOT NULL, "updated_at" datetime NOT NULL)[0m
  ↳ c:/RailsInstaller/Ruby2.3.3/bin/rake:22
  [1m[35m (0.0ms)[0m  [1m[34mSELECT "schema_migrations"."version" FROM "schema_migrations" ORDER BY "schema_migrations"."version" ASC[0m
  ↳ c:/RailsInstaller/Ruby2.3.3/bin/rake:22
Migrating to CreateArticles (20180818174530)
  [1m[35m (0.0ms)[0m  [1m[36mbegin transaction[0m
  ↳ c:/RailsInstaller/Ruby2.3.3/bin/rake:22
  [1m[35m (0.0ms)[0m  [1m[31mrollback transaction[0m
  ↳ c:/RailsInstaller/Ruby2.3.3/bin/rake:22
  [1m[35m (0.0ms)[0m  [1m[34mSELECT "schema_migrations"."version" FROM "schema_migrations" ORDER BY "schema_migrations"."version" ASC[0m
  ↳ c:/RailsInstaller/Ruby2.3.3/bin/rake:22
Migrating to CreateArticles (20180818174530)
  [1m[35m (0.0ms)[0m  [1m[36mbegin transaction[0m
  ↳ c:/RailsInstaller/Ruby2.3.3/bin/rake:22
  [1m[35m (0.0ms)[0m  [1m[31mrollback transaction[0m
  ↳ c:/RailsInstaller/Ruby2.3.3/bin/rake:22
  [1m[35m (0.0ms)[0m  [1m[34mSELECT "schema_migrations"."version" FROM "schema_migrations" ORDER BY "schema_migrations"."version" ASC[0m
  ↳ c:/RailsInstaller/Ruby2.3.3/bin/rake:22
Migrating to CreateArticles (20180818174530)
  [1m[35m (0.0ms)[0m  [1m[36mbegin transaction[0m
  ↳ c:/RailsInstaller/Ruby2.3.3/bin/rake:22
  [1m[35m (0.0ms)[0m  [1m[34mSELECT sqlite_version(*)[0m
  ↳ db/migrate/20180818174530_create_articles.rb:3
  [1m[35m (0.0ms)[0m  [1m[35mCREATE TABLE "articles" ("id" integer PRIMARY KEY AUTOINCREMENT NOT NULL, "category" varchar, "content" text, "title" varchar, "author_id" integer, "image" varchar, "date" date, "reference" text, "created_at" datetime NOT NULL, "updated_at" datetime NOT NULL)[0m
  ↳ db/migrate/20180818174530_create_articles.rb:3
  [1m[36mActiveRecord::SchemaMigration Create (0.0ms)[0m  [1m[32mINSERT INTO "schema_migrations" ("version") VALUES (?)[0m  [["version", "20180818174530"]]
  ↳ c:/RailsInstaller/Ruby2.3.3/bin/rake:22
  [1m[35m (164.9ms)[0m  [1m[36mcommit transaction[0m
  ↳ c:/RailsInstaller/Ruby2.3.3/bin/rake:22
  [1m[36mActiveRecord::InternalMetadata Load (0.0ms)[0m  [1m[34mSELECT  "ar_internal_metadata".* FROM "ar_internal_metadata" WHERE "ar_internal_metadata"."key" = ? LIMIT ?[0m  [["key", "environment"], ["LIMIT", 1]]
  ↳ c:/RailsInstaller/Ruby2.3.3/bin/rake:22
  [1m[35m (0.0ms)[0m  [1m[36mbegin transaction[0m
  ↳ c:/RailsInstaller/Ruby2.3.3/bin/rake:22
  [1m[36mActiveRecord::InternalMetadata Create (0.0ms)[0m  [1m[32mINSERT INTO "ar_internal_metadata" ("key", "value", "created_at", "updated_at") VALUES (?, ?, ?, ?)[0m  [["key", "environment"], ["value", "development"], ["created_at", "2018-08-18 17:53:19.004900"], ["updated_at", "2018-08-18 17:53:19.004900"]]
  ↳ c:/RailsInstaller/Ruby2.3.3/bin/rake:22
  [1m[35m (140.6ms)[0m  [1m[36mcommit transaction[0m
  ↳ c:/RailsInstaller/Ruby2.3.3/bin/rake:22
  [1m[35m (0.0ms)[0m  [1m[34mSELECT "schema_migrations"."version" FROM "schema_migrations" ORDER BY "schema_migrations"."version" ASC[0m
  ↳ c:/RailsInstaller/Ruby2.3.3/bin/rake:22
Started GET "/" for 127.0.0.1 at 2018-08-18 14:54:01 -0300
  [1m[35m (0.0ms)[0m  [1m[34mSELECT "schema_migrations"."version" FROM "schema_migrations" ORDER BY "schema_migrations"."version" ASC[0m
  ↳ c:/RailsInstaller/Ruby2.3.3/lib/ruby/gems/2.3.0/gems/activerecord-5.2.1/lib/active_record/log_subscriber.rb:98
Processing by Rails::WelcomeController#index as HTML
  Rendering c:/RailsInstaller/Ruby2.3.3/lib/ruby/gems/2.3.0/gems/railties-5.2.1/lib/rails/templates/rails/welcome/index.html.erb
  Rendered c:/RailsInstaller/Ruby2.3.3/lib/ruby/gems/2.3.0/gems/railties-5.2.1/lib/rails/templates/rails/welcome/index.html.erb (6.0ms)
Completed 200 OK in 86ms (Views: 41.5ms | ActiveRecord: 0.0ms)


Started GET "/articles" for 127.0.0.1 at 2018-08-18 14:54:16 -0300
Processing by ArticlesController#index as HTML
  Rendering articles/index.html.erb within layouts/application
  [1m[36mArticle Load (0.0ms)[0m  [1m[34mSELECT "articles".* FROM "articles"[0m
  ↳ app/views/articles/index.html.erb:21
  Rendered articles/index.html.erb within layouts/application (5.0ms)
Completed 500 Internal Server Error in 3510ms (ActiveRecord: 0.0ms)


  
ActionView::Template::Error (TypeError: O objeto não dá suporte para a propriedade ou método):
     5:     <%= csrf_meta_tags %>
     6:     <%= csp_meta_tag %>
     7: 
     8:     <%= stylesheet_link_tag    'application', media: 'all', 'data-turbolinks-track': 'reload' %>
     9:     <%= javascript_include_tag 'application', 'data-turbolinks-track': 'reload' %>
    10:   </head>
    11: 
  
app/views/layouts/application.html.erb:8:in `_app_views_layouts_application_html_erb___825258453_48092244'
Started GET "/article" for 127.0.0.1 at 2018-08-18 14:58:51 -0300
  
ActionController::RoutingError (No route matches [GET] "/article"):
  
actionpack (5.2.1) lib/action_dispatch/middleware/debug_exceptions.rb:65:in `call'
web-console (3.6.2) lib/web_console/middleware.rb:135:in `call_app'
web-console (3.6.2) lib/web_console/middleware.rb:30:in `block in call'
web-console (3.6.2) lib/web_console/middleware.rb:20:in `catch'
web-console (3.6.2) lib/web_console/middleware.rb:20:in `call'
actionpack (5.2.1) lib/action_dispatch/middleware/show_exceptions.rb:33:in `call'
railties (5.2.1) lib/rails/rack/logger.rb:38:in `call_app'
railties (5.2.1) lib/rails/rack/logger.rb:26:in `block in call'
activesupport (5.2.1) lib/active_support/tagged_logging.rb:71:in `block in tagged'
activesupport (5.2.1) lib/active_support/tagged_logging.rb:28:in `tagged'
activesupport (5.2.1) lib/active_support/tagged_logging.rb:71:in `tagged'
railties (5.2.1) lib/rails/rack/logger.rb:26:in `call'
sprockets-rails (3.2.1) lib/sprockets/rails/quiet_assets.rb:13:in `call'
actionpack (5.2.1) lib/action_dispatch/middleware/remote_ip.rb:81:in `call'
actionpack (5.2.1) lib/action_dispatch/middleware/request_id.rb:27:in `call'
rack (2.0.5) lib/rack/method_override.rb:22:in `call'
rack (2.0.5) lib/rack/runtime.rb:22:in `call'
activesupport (5.2.1) lib/active_support/cache/strategy/local_cache_middleware.rb:29:in `call'
actionpack (5.2.1) lib/action_dispatch/middleware/executor.rb:14:in `call'
actionpack (5.2.1) lib/action_dispatch/middleware/static.rb:127:in `call'
rack (2.0.5) lib/rack/sendfile.rb:111:in `call'
railties (5.2.1) lib/rails/engine.rb:524:in `call'
puma (3.12.0) lib/puma/configuration.rb:225:in `call'
puma (3.12.0) lib/puma/server.rb:658:in `handle_request'
puma (3.12.0) lib/puma/server.rb:472:in `process_client'
puma (3.12.0) lib/puma/server.rb:332:in `block in run'
puma (3.12.0) lib/puma/thread_pool.rb:133:in `block in spawn_thread'
Started GET "/articles" for 127.0.0.1 at 2018-08-18 14:59:24 -0300
Processing by ArticlesController#index as HTML
  Rendering articles/index.html.erb within layouts/application
  [1m[36mArticle Load (0.0ms)[0m  [1m[34mSELECT "articles".* FROM "articles"[0m
  ↳ app/views/articles/index.html.erb:21
  Rendered articles/index.html.erb within layouts/application (3.0ms)
Completed 500 Internal Server Error in 581ms (ActiveRecord: 0.0ms)


  
ActionView::Template::Error (TypeError: O objeto não dá suporte para a propriedade ou método):
     5:     <%= csrf_meta_tags %>
     6:     <%= csp_meta_tag %>
     7: 
     8:     <%= stylesheet_link_tag    'application', media: 'all', 'data-turbolinks-track': 'reload' %>
     9:     <%= javascript_include_tag 'application', 'data-turbolinks-track': 'reload' %>
    10:   </head>
    11: 
  
app/views/layouts/application.html.erb:8:in `_app_views_layouts_application_html_erb___825258453_82734324'
Started GET "/articles" for 127.0.0.1 at 2018-08-18 15:00:17 -0300
Processing by ArticlesController#index as HTML
  Rendering articles/index.html.erb within layouts/application
  [1m[36mArticle Load (0.0ms)[0m  [1m[34mSELECT "articles".* FROM "articles"[0m
  ↳ app/views/articles/index.html.erb:21
  Rendered articles/index.html.erb within layouts/application (4.0ms)
Completed 200 OK in 82ms (Views: 62.1ms | ActiveRecord: 0.0ms)


Started GET "/articles" for 127.0.0.1 at 2018-08-18 15:00:57 -0300
Processing by ArticlesController#index as HTML
  Rendering articles/index.html.erb within layouts/application
  [1m[36mArticle Load (0.0ms)[0m  [1m[34mSELECT "articles".* FROM "articles"[0m
  ↳ app/views/articles/index.html.erb:21
  Rendered articles/index.html.erb within layouts/application (3.0ms)
Completed 200 OK in 88ms (Views: 65.9ms | ActiveRecord: 0.0ms)


Started GET "/articles/new" for 127.0.0.1 at 2018-08-18 15:10:26 -0300
  [1m[35m (0.0ms)[0m  [1m[34mSELECT "schema_migrations"."version" FROM "schema_migrations" ORDER BY "schema_migrations"."version" ASC[0m
  ↳ c:/RailsInstaller/Ruby2.3.3/lib/ruby/gems/2.3.0/gems/activerecord-5.2.1/lib/active_record/log_subscriber.rb:98
Processing by ArticlesController#new as HTML
  Rendering articles/new.html.erb within layouts/application
  Rendered articles/_form.html.erb (35.9ms)
  Rendered articles/new.html.erb within layouts/application (63.8ms)
Completed 200 OK in 190ms (Views: 134.1ms | ActiveRecord: 1.0ms)


Started GET "/" for 127.0.0.1 at 2018-08-18 15:19:45 -0300
  [1m[35m (0.0ms)[0m  [1m[34mSELECT "schema_migrations"."version" FROM "schema_migrations" ORDER BY "schema_migrations"."version" ASC[0m
  ↳ c:/RailsInstaller/Ruby2.3.3/lib/ruby/gems/2.3.0/gems/activerecord-5.2.1/lib/active_record/log_subscriber.rb:98
Processing by Rails::WelcomeController#index as HTML
  Rendering c:/RailsInstaller/Ruby2.3.3/lib/ruby/gems/2.3.0/gems/railties-5.2.1/lib/rails/templates/rails/welcome/index.html.erb
  Rendered c:/RailsInstaller/Ruby2.3.3/lib/ruby/gems/2.3.0/gems/railties-5.2.1/lib/rails/templates/rails/welcome/index.html.erb (5.0ms)
Completed 200 OK in 97ms (Views: 49.4ms | ActiveRecord: 0.0ms)


  [1m[35m (0.0ms)[0m  [1m[34mSELECT "schema_migrations"."version" FROM "schema_migrations" ORDER BY "schema_migrations"."version" ASC[0m
  ↳ c:/RailsInstaller/Ruby2.3.3/bin/rake:22
Migrating to CreateAuthors (20180818182430)
  [1m[35m (0.0ms)[0m  [1m[36mbegin transaction[0m
  ↳ c:/RailsInstaller/Ruby2.3.3/bin/rake:22
  [1m[35m (0.0ms)[0m  [1m[34mSELECT sqlite_version(*)[0m
  ↳ db/migrate/20180818182430_create_authors.rb:3
  [1m[35m (0.0ms)[0m  [1m[35mCREATE TABLE "authors" ("id" integer PRIMARY KEY AUTOINCREMENT NOT NULL, "name" varchar, "job" varchar, "bio" text, "contact" varchar, "created_at" datetime NOT NULL, "updated_at" datetime NOT NULL)[0m
  ↳ db/migrate/20180818182430_create_authors.rb:3
  [1m[36mActiveRecord::SchemaMigration Create (0.0ms)[0m  [1m[32mINSERT INTO "schema_migrations" ("version") VALUES (?)[0m  [["version", "20180818182430"]]
  ↳ c:/RailsInstaller/Ruby2.3.3/bin/rake:22
  [1m[35m (126.8ms)[0m  [1m[36mcommit transaction[0m
  ↳ c:/RailsInstaller/Ruby2.3.3/bin/rake:22
  [1m[36mActiveRecord::InternalMetadata Load (0.0ms)[0m  [1m[34mSELECT  "ar_internal_metadata".* FROM "ar_internal_metadata" WHERE "ar_internal_metadata"."key" = ? LIMIT ?[0m  [["key", "environment"], ["LIMIT", 1]]
  ↳ c:/RailsInstaller/Ruby2.3.3/bin/rake:22
  [1m[35m (0.0ms)[0m  [1m[36mbegin transaction[0m
  ↳ c:/RailsInstaller/Ruby2.3.3/bin/rake:22
  [1m[35m (0.0ms)[0m  [1m[36mcommit transaction[0m
  ↳ c:/RailsInstaller/Ruby2.3.3/bin/rake:22
  [1m[35m (0.0ms)[0m  [1m[34mSELECT "schema_migrations"."version" FROM "schema_migrations" ORDER BY "schema_migrations"."version" ASC[0m
  ↳ c:/RailsInstaller/Ruby2.3.3/bin/rake:22
<<<<<<< HEAD
Started GET "/" for 127.0.0.1 at 2018-08-18 16:02:10 -0300
  [1m[35m (0.3ms)[0m  [1m[34mSELECT "schema_migrations"."version" FROM "schema_migrations" ORDER BY "schema_migrations"."version" ASC[0m
  ↳ /Users/gabriela.sanada/.rvm/rubies/ruby-2.4.2/lib/ruby/gems/2.4.0/gems/sprockets-rails-3.2.1/lib/sprockets/rails/quiet_assets.rb:13
Processing by Rails::WelcomeController#index as HTML
  Rendering /Users/gabriela.sanada/.rvm/gems/ruby-2.4.2/gems/railties-5.2.1/lib/rails/templates/rails/welcome/index.html.erb
  Rendered /Users/gabriela.sanada/.rvm/gems/ruby-2.4.2/gems/railties-5.2.1/lib/rails/templates/rails/welcome/index.html.erb (3.5ms)
Completed 200 OK in 25ms (Views: 12.8ms | ActiveRecord: 0.0ms)


Started GET "/articles" for 127.0.0.1 at 2018-08-18 16:02:25 -0300
Processing by ArticlesController#index as HTML
  Rendering articles/index.html.erb within layouts/application
  [1m[36mArticle Load (0.2ms)[0m  [1m[34mSELECT "articles".* FROM "articles"[0m
  ↳ app/views/articles/index.html.erb:20
  Rendered articles/index.html.erb within layouts/application (3.5ms)
Completed 200 OK in 17ms (Views: 11.8ms | ActiveRecord: 0.5ms)


Started GET "/articles/new" for 127.0.0.1 at 2018-08-18 16:02:36 -0300
Processing by ArticlesController#new as HTML
  Rendering articles/new.html.erb within layouts/application
  Rendered articles/_form.html.erb (25.4ms)
  Rendered articles/new.html.erb within layouts/application (27.9ms)
Completed 200 OK in 46ms (Views: 33.4ms | ActiveRecord: 0.5ms)


Started POST "/articles" for 127.0.0.1 at 2018-08-18 16:03:47 -0300
Processing by ArticlesController#create as HTML
  Parameters: {"utf8"=>"✓", "authenticity_token"=>"DBQsPkyow+mHG0kKGbf/OA3uj/ayX9gPQYuLiaDDUikXoBHTTiC9O82eq/qymzQIFa/0sBqEc/hpsrs/RjennQ==", "article"=>{"category"=>"Economia", "content"=>"Artigo em economia", "title"=>"Economia brasileira", "author_id"=>"1", "image"=>"", "date(1i)"=>"2018", "date(2i)"=>"8", "date(3i)"=>"18", "reference"=>"Rails Girls"}, "commit"=>"Create Article"}
  [1m[35m (0.1ms)[0m  [1m[36mbegin transaction[0m
  ↳ app/controllers/articles_controller.rb:30
  [1m[36mArticle Create (0.7ms)[0m  [1m[32mINSERT INTO "articles" ("category", "content", "title", "author_id", "image", "date", "reference", "created_at", "updated_at") VALUES (?, ?, ?, ?, ?, ?, ?, ?, ?)[0m  [["category", "Economia"], ["content", "Artigo em economia"], ["title", "Economia brasileira"], ["author_id", 1], ["image", ""], ["date", "2018-08-18"], ["reference", "Rails Girls"], ["created_at", "2018-08-18 19:03:47.904814"], ["updated_at", "2018-08-18 19:03:47.904814"]]
  ↳ app/controllers/articles_controller.rb:30
  [1m[35m (0.8ms)[0m  [1m[36mcommit transaction[0m
  ↳ app/controllers/articles_controller.rb:30
Redirected to http://localhost:3000/articles/1
Completed 302 Found in 8ms (ActiveRecord: 1.5ms)


Started GET "/articles/1" for 127.0.0.1 at 2018-08-18 16:03:47 -0300
Processing by ArticlesController#show as HTML
  Parameters: {"id"=>"1"}
  [1m[36mArticle Load (0.2ms)[0m  [1m[34mSELECT  "articles".* FROM "articles" WHERE "articles"."id" = ? LIMIT ?[0m  [["id", 1], ["LIMIT", 1]]
  ↳ app/controllers/articles_controller.rb:67
  Rendering articles/show.html.erb within layouts/application
  Rendered articles/show.html.erb within layouts/application (0.9ms)
Completed 200 OK in 13ms (Views: 6.3ms | ActiveRecord: 0.2ms)


Started GET "/articles/1/edit" for 127.0.0.1 at 2018-08-18 16:03:54 -0300
Processing by ArticlesController#edit as HTML
  Parameters: {"id"=>"1"}
  [1m[36mArticle Load (0.1ms)[0m  [1m[34mSELECT  "articles".* FROM "articles" WHERE "articles"."id" = ? LIMIT ?[0m  [["id", 1], ["LIMIT", 1]]
  ↳ app/controllers/articles_controller.rb:67
  Rendering articles/edit.html.erb within layouts/application
  Rendered articles/_form.html.erb (3.6ms)
  Rendered articles/edit.html.erb within layouts/application (6.2ms)
Completed 200 OK in 16ms (Views: 12.8ms | ActiveRecord: 0.1ms)


Started PATCH "/articles/1" for 127.0.0.1 at 2018-08-18 16:03:59 -0300
Processing by ArticlesController#update as HTML
  Parameters: {"utf8"=>"✓", "authenticity_token"=>"p6sSj+IAXVXaiy76br1Txrb3mA1NlOe54e3c0PXSvfS3bLa3YFGs63WWNMNpgH6CsfJf+92+OFwl89LFKApQpg==", "article"=>{"category"=>"Economia", "content"=>"Artigo em economia", "title"=>"Economia brasileira", "author_id"=>"1", "image"=>"", "date(1i)"=>"2018", "date(2i)"=>"8", "date(3i)"=>"18", "reference"=>"Rails Girls"}, "commit"=>"Update Article", "id"=>"1"}
  [1m[36mArticle Load (0.2ms)[0m  [1m[34mSELECT  "articles".* FROM "articles" WHERE "articles"."id" = ? LIMIT ?[0m  [["id", 1], ["LIMIT", 1]]
  ↳ app/controllers/articles_controller.rb:67
  [1m[35m (0.1ms)[0m  [1m[36mbegin transaction[0m
  ↳ app/controllers/articles_controller.rb:44
  [1m[35m (0.1ms)[0m  [1m[36mcommit transaction[0m
  ↳ app/controllers/articles_controller.rb:44
Redirected to http://localhost:3000/articles/1
Completed 302 Found in 7ms (ActiveRecord: 0.4ms)


Started GET "/articles/1" for 127.0.0.1 at 2018-08-18 16:03:59 -0300
Processing by ArticlesController#show as HTML
  Parameters: {"id"=>"1"}
  [1m[36mArticle Load (0.1ms)[0m  [1m[34mSELECT  "articles".* FROM "articles" WHERE "articles"."id" = ? LIMIT ?[0m  [["id", 1], ["LIMIT", 1]]
  ↳ app/controllers/articles_controller.rb:67
  Rendering articles/show.html.erb within layouts/application
  Rendered articles/show.html.erb within layouts/application (2.0ms)
Completed 200 OK in 10ms (Views: 7.4ms | ActiveRecord: 0.1ms)


Started GET "/articles/1/edit" for 127.0.0.1 at 2018-08-18 16:04:01 -0300
Processing by ArticlesController#edit as HTML
  Parameters: {"id"=>"1"}
  [1m[36mArticle Load (0.1ms)[0m  [1m[34mSELECT  "articles".* FROM "articles" WHERE "articles"."id" = ? LIMIT ?[0m  [["id", 1], ["LIMIT", 1]]
  ↳ app/controllers/articles_controller.rb:67
  Rendering articles/edit.html.erb within layouts/application
  Rendered articles/_form.html.erb (3.3ms)
  Rendered articles/edit.html.erb within layouts/application (6.3ms)
Completed 200 OK in 17ms (Views: 13.2ms | ActiveRecord: 0.1ms)


Started PATCH "/articles/1" for 127.0.0.1 at 2018-08-18 16:04:17 -0300
Processing by ArticlesController#update as HTML
  Parameters: {"utf8"=>"✓", "authenticity_token"=>"a71K1D6KO6IgxL3vwfY3YmaAdjmP8/10nXLiwf6whiJ7eu7svNvKHI/Zp9bGyxomYYWxzx/ZIpFZbOzUI2hrcA==", "article"=>{"category"=>"Economia", "content"=>"Artigo em economia", "title"=>"Economia brasileira", "author_id"=>"1", "image"=>"", "date(1i)"=>"2018", "date(2i)"=>"8", "date(3i)"=>"18", "reference"=>"Rails Girls"}, "commit"=>"Update Article", "id"=>"1"}
  [1m[36mArticle Load (0.1ms)[0m  [1m[34mSELECT  "articles".* FROM "articles" WHERE "articles"."id" = ? LIMIT ?[0m  [["id", 1], ["LIMIT", 1]]
  ↳ app/controllers/articles_controller.rb:67
  [1m[35m (0.1ms)[0m  [1m[36mbegin transaction[0m
  ↳ app/controllers/articles_controller.rb:44
  [1m[35m (0.0ms)[0m  [1m[36mcommit transaction[0m
  ↳ app/controllers/articles_controller.rb:44
Redirected to http://localhost:3000/articles/1
Completed 302 Found in 5ms (ActiveRecord: 0.3ms)


Started GET "/articles/1" for 127.0.0.1 at 2018-08-18 16:04:17 -0300
Processing by ArticlesController#show as HTML
  Parameters: {"id"=>"1"}
  [1m[36mArticle Load (0.1ms)[0m  [1m[34mSELECT  "articles".* FROM "articles" WHERE "articles"."id" = ? LIMIT ?[0m  [["id", 1], ["LIMIT", 1]]
  ↳ app/controllers/articles_controller.rb:67
  Rendering articles/show.html.erb within layouts/application
  Rendered articles/show.html.erb within layouts/application (0.9ms)
Completed 200 OK in 11ms (Views: 7.1ms | ActiveRecord: 0.1ms)


Started GET "/articles/1" for 127.0.0.1 at 2018-08-18 16:04:33 -0300
Processing by ArticlesController#show as HTML
  Parameters: {"id"=>"1"}
  [1m[36mArticle Load (0.1ms)[0m  [1m[34mSELECT  "articles".* FROM "articles" WHERE "articles"."id" = ? LIMIT ?[0m  [["id", 1], ["LIMIT", 1]]
  ↳ app/controllers/articles_controller.rb:67
  Rendering articles/show.html.erb within layouts/application
  Rendered articles/show.html.erb within layouts/application (1.2ms)
Completed 200 OK in 9ms (Views: 6.4ms | ActiveRecord: 0.1ms)


Started GET "/articles/" for 127.0.0.1 at 2018-08-18 16:04:54 -0300
Processing by ArticlesController#index as HTML
  Rendering articles/index.html.erb within layouts/application
  [1m[36mArticle Load (0.3ms)[0m  [1m[34mSELECT "articles".* FROM "articles"[0m
  ↳ app/views/articles/index.html.erb:20
  Rendered articles/index.html.erb within layouts/application (2.5ms)
Completed 200 OK in 15ms (Views: 11.1ms | ActiveRecord: 0.3ms)


Started GET "/" for 127.0.0.1 at 2018-08-18 16:06:29 -0300
Processing by Rails::WelcomeController#index as HTML
  Rendering /Users/gabriela.sanada/.rvm/gems/ruby-2.4.2/gems/railties-5.2.1/lib/rails/templates/rails/welcome/index.html.erb
  Rendered /Users/gabriela.sanada/.rvm/gems/ruby-2.4.2/gems/railties-5.2.1/lib/rails/templates/rails/welcome/index.html.erb (2.4ms)
Completed 200 OK in 8ms (Views: 5.3ms | ActiveRecord: 0.0ms)


Started GET "/" for 127.0.0.1 at 2018-08-18 16:11:36 -0300
  [1m[35m (0.2ms)[0m  [1m[34mSELECT "schema_migrations"."version" FROM "schema_migrations" ORDER BY "schema_migrations"."version" ASC[0m
  ↳ /Users/gabriela.sanada/.rvm/rubies/ruby-2.4.2/lib/ruby/gems/2.4.0/gems/sprockets-rails-3.2.1/lib/sprockets/rails/quiet_assets.rb:13
Processing by Rails::WelcomeController#index as HTML
  Rendering /Users/gabriela.sanada/.rvm/gems/ruby-2.4.2/gems/railties-5.2.1/lib/rails/templates/rails/welcome/index.html.erb
  Rendered /Users/gabriela.sanada/.rvm/gems/ruby-2.4.2/gems/railties-5.2.1/lib/rails/templates/rails/welcome/index.html.erb (2.6ms)
Completed 200 OK in 20ms (Views: 7.7ms | ActiveRecord: 0.0ms)


Started GET "/welcome" for 127.0.0.1 at 2018-08-18 16:11:46 -0300
  
ActionController::RoutingError (No route matches [GET] "/welcome"):
  
actionpack (5.2.1) lib/action_dispatch/middleware/debug_exceptions.rb:65:in `call'
web-console (3.6.2) lib/web_console/middleware.rb:135:in `call_app'
web-console (3.6.2) lib/web_console/middleware.rb:30:in `block in call'
web-console (3.6.2) lib/web_console/middleware.rb:20:in `catch'
web-console (3.6.2) lib/web_console/middleware.rb:20:in `call'
actionpack (5.2.1) lib/action_dispatch/middleware/show_exceptions.rb:33:in `call'
railties (5.2.1) lib/rails/rack/logger.rb:38:in `call_app'
railties (5.2.1) lib/rails/rack/logger.rb:26:in `block in call'
activesupport (5.2.1) lib/active_support/tagged_logging.rb:71:in `block in tagged'
activesupport (5.2.1) lib/active_support/tagged_logging.rb:28:in `tagged'
activesupport (5.2.1) lib/active_support/tagged_logging.rb:71:in `tagged'
railties (5.2.1) lib/rails/rack/logger.rb:26:in `call'
sprockets-rails (3.2.1) lib/sprockets/rails/quiet_assets.rb:13:in `call'
actionpack (5.2.1) lib/action_dispatch/middleware/remote_ip.rb:81:in `call'
actionpack (5.2.1) lib/action_dispatch/middleware/request_id.rb:27:in `call'
rack (2.0.5) lib/rack/method_override.rb:22:in `call'
rack (2.0.5) lib/rack/runtime.rb:22:in `call'
activesupport (5.2.1) lib/active_support/cache/strategy/local_cache_middleware.rb:29:in `call'
actionpack (5.2.1) lib/action_dispatch/middleware/executor.rb:14:in `call'
actionpack (5.2.1) lib/action_dispatch/middleware/static.rb:127:in `call'
rack (2.0.5) lib/rack/sendfile.rb:111:in `call'
railties (5.2.1) lib/rails/engine.rb:524:in `call'
puma (3.12.0) lib/puma/configuration.rb:225:in `call'
puma (3.12.0) lib/puma/server.rb:658:in `handle_request'
puma (3.12.0) lib/puma/server.rb:472:in `process_client'
puma (3.12.0) lib/puma/server.rb:332:in `block in run'
puma (3.12.0) lib/puma/thread_pool.rb:133:in `block in spawn_thread'
Started GET "/welcome/index" for 127.0.0.1 at 2018-08-18 16:11:58 -0300
Processing by WelcomeController#index as HTML
  Rendering welcome/index.html.erb within layouts/application
  Rendered welcome/index.html.erb within layouts/application (0.3ms)
Completed 200 OK in 10ms (Views: 7.3ms | ActiveRecord: 0.0ms)


Started GET "/" for 127.0.0.1 at 2018-08-18 16:14:48 -0300
  [1m[35m (0.2ms)[0m  [1m[34mSELECT "schema_migrations"."version" FROM "schema_migrations" ORDER BY "schema_migrations"."version" ASC[0m
  ↳ /Users/gabriela.sanada/.rvm/rubies/ruby-2.4.2/lib/ruby/gems/2.4.0/gems/sprockets-rails-3.2.1/lib/sprockets/rails/quiet_assets.rb:13
Processing by WelcomeController#index as HTML
  Rendering welcome/index.html.erb within layouts/application
  Rendered welcome/index.html.erb within layouts/application (1.0ms)
Completed 200 OK in 19ms (Views: 7.9ms | ActiveRecord: 0.0ms)
=======
Started GET "/" for 127.0.0.1 at 2018-08-18 15:32:05 -0300
  [1m[35m (1.0ms)[0m  [1m[34mSELECT "schema_migrations"."version" FROM "schema_migrations" ORDER BY "schema_migrations"."version" ASC[0m
  ↳ c:/RailsInstaller/Ruby2.3.3/lib/ruby/gems/2.3.0/gems/activerecord-5.2.1/lib/active_record/log_subscriber.rb:98
Processing by Rails::WelcomeController#index as HTML
  Rendering c:/RailsInstaller/Ruby2.3.3/lib/ruby/gems/2.3.0/gems/railties-5.2.1/lib/rails/templates/rails/welcome/index.html.erb
  Rendered c:/RailsInstaller/Ruby2.3.3/lib/ruby/gems/2.3.0/gems/railties-5.2.1/lib/rails/templates/rails/welcome/index.html.erb (5.0ms)
Completed 200 OK in 83ms (Views: 40.1ms | ActiveRecord: 0.0ms)


Started GET "/authors" for 127.0.0.1 at 2018-08-18 15:32:21 -0300
Processing by AuthorsController#index as HTML
  Rendering authors/index.html.erb within layouts/application
  [1m[36mAuthor Load (0.0ms)[0m  [1m[34mSELECT "authors".* FROM "authors"[0m
  ↳ app/views/authors/index.html.erb:17
  Rendered authors/index.html.erb within layouts/application (8.0ms)
Completed 200 OK in 94ms (Views: 61.7ms | ActiveRecord: 1.0ms)


Started GET "/authors/new" for 127.0.0.1 at 2018-08-18 15:32:30 -0300
Processing by AuthorsController#new as HTML
  Rendering authors/new.html.erb within layouts/application
  Rendered authors/_form.html.erb (19.9ms)
  Rendered authors/new.html.erb within layouts/application (42.9ms)
Completed 200 OK in 142ms (Views: 107.2ms | ActiveRecord: 1.0ms)


Started POST "/authors" for 127.0.0.1 at 2018-08-18 15:33:01 -0300
Processing by AuthorsController#create as HTML
  Parameters: {"utf8"=>"✓", "authenticity_token"=>"GwY8Pt6NALarSkxTChRgj/UUuKXkB3gbZOEOO7e1KVbOrpFwNSjdUaJRpNlv+DH1tqRh5BI/8APMaNaQdlHZjQ==", "author"=>{"name"=>"Maria", "job"=>"Nurse", "bio"=>"xo xo gossip girl", "contact"=>"marialinda@gmail.com"}, "commit"=>"Create Author"}
  [1m[35m (0.0ms)[0m  [1m[36mbegin transaction[0m
  ↳ app/controllers/authors_controller.rb:30
  [1m[36mAuthor Create (2.0ms)[0m  [1m[32mINSERT INTO "authors" ("name", "job", "bio", "contact", "created_at", "updated_at") VALUES (?, ?, ?, ?, ?, ?)[0m  [["name", "Maria"], ["job", "Nurse"], ["bio", "xo xo gossip girl"], ["contact", "marialinda@gmail.com"], ["created_at", "2018-08-18 18:33:01.581980"], ["updated_at", "2018-08-18 18:33:01.581980"]]
  ↳ app/controllers/authors_controller.rb:30
  [1m[35m (91.8ms)[0m  [1m[36mcommit transaction[0m
  ↳ app/controllers/authors_controller.rb:30
Redirected to http://localhost:3000/authors/1
Completed 302 Found in 104ms (ActiveRecord: 93.8ms)


Started GET "/authors/1" for 127.0.0.1 at 2018-08-18 15:33:01 -0300
Processing by AuthorsController#show as HTML
  Parameters: {"id"=>"1"}
  [1m[36mAuthor Load (0.0ms)[0m  [1m[34mSELECT  "authors".* FROM "authors" WHERE "authors"."id" = ? LIMIT ?[0m  [["id", 1], ["LIMIT", 1]]
  ↳ app/controllers/authors_controller.rb:67
  Rendering authors/show.html.erb within layouts/application
  Rendered authors/show.html.erb within layouts/application (1.0ms)
Completed 200 OK in 117ms (Views: 84.1ms | ActiveRecord: 0.0ms)


Started GET "/authors/" for 127.0.0.1 at 2018-08-18 15:33:09 -0300
Processing by AuthorsController#index as HTML
  Rendering authors/index.html.erb within layouts/application
  [1m[36mAuthor Load (0.0ms)[0m  [1m[34mSELECT "authors".* FROM "authors"[0m
  ↳ app/views/authors/index.html.erb:17
  Rendered authors/index.html.erb within layouts/application (7.0ms)
Completed 200 OK in 109ms (Views: 79.4ms | ActiveRecord: 0.0ms)


Started GET "/authors/" for 127.0.0.1 at 2018-08-18 15:38:19 -0300
Processing by AuthorsController#index as HTML
  Rendering authors/index.html.erb within layouts/application
  [1m[36mAuthor Load (1.0ms)[0m  [1m[34mSELECT "authors".* FROM "authors"[0m
  ↳ app/views/authors/index.html.erb:17
  Rendered authors/index.html.erb within layouts/application (8.0ms)
Completed 200 OK in 113ms (Views: 83.2ms | ActiveRecord: 1.0ms)


Started GET "/articles" for 127.0.0.1 at 2018-08-18 15:39:27 -0300
Processing by ArticlesController#index as HTML
  Rendering articles/index.html.erb within layouts/application
  [1m[36mArticle Load (0.0ms)[0m  [1m[34mSELECT "articles".* FROM "articles"[0m
  ↳ app/views/articles/index.html.erb:20
  Rendered articles/index.html.erb within layouts/application (7.0ms)
Completed 200 OK in 103ms (Views: 73.1ms | ActiveRecord: 1.0ms)


Started GET "/authors" for 127.0.0.1 at 2018-08-18 15:40:12 -0300
Processing by AuthorsController#index as HTML
  Rendering authors/index.html.erb within layouts/application
  [1m[36mAuthor Load (0.0ms)[0m  [1m[34mSELECT "authors".* FROM "authors"[0m
  ↳ app/views/authors/index.html.erb:17
  Rendered authors/index.html.erb within layouts/application (6.0ms)
Completed 200 OK in 83ms (Views: 63.3ms | ActiveRecord: 0.0ms)


Started GET "/authors" for 127.0.0.1 at 2018-08-18 15:42:13 -0300
Processing by AuthorsController#index as HTML
  Rendering authors/index.html.erb within layouts/application
  [1m[36mAuthor Load (0.0ms)[0m  [1m[34mSELECT "authors".* FROM "authors"[0m
  ↳ app/views/authors/index.html.erb:17
  Rendered authors/index.html.erb within layouts/application (7.0ms)
Completed 200 OK in 87ms (Views: 63.2ms | ActiveRecord: 0.0ms)


Started GET "/articles" for 127.0.0.1 at 2018-08-18 15:42:16 -0300
Processing by ArticlesController#index as HTML
  Rendering articles/index.html.erb within layouts/application
  [1m[36mArticle Load (0.0ms)[0m  [1m[34mSELECT "articles".* FROM "articles"[0m
  ↳ app/views/articles/index.html.erb:20
  Rendered articles/index.html.erb within layouts/application (6.0ms)
Completed 200 OK in 104ms (Views: 76.7ms | ActiveRecord: 0.0ms)


Started GET "/articles/new" for 127.0.0.1 at 2018-08-18 15:42:21 -0300
Processing by ArticlesController#new as HTML
  Rendering articles/new.html.erb within layouts/application
  Rendered articles/_form.html.erb (232.4ms)
  Rendered articles/new.html.erb within layouts/application (259.3ms)
Completed 200 OK in 364ms (Views: 324.2ms | ActiveRecord: 1.0ms)


Started GET "/articles/new" for 127.0.0.1 at 2018-08-18 15:43:16 -0300
Processing by ArticlesController#new as HTML
  Rendering articles/new.html.erb within layouts/application
  Rendered articles/_form.html.erb (4.0ms)
  Rendered articles/new.html.erb within layouts/application (27.9ms)
Completed 200 OK in 118ms (Views: 94.8ms | ActiveRecord: 0.0ms)


Started GET "/articles/new" for 127.0.0.1 at 2018-08-18 15:43:18 -0300
Processing by ArticlesController#new as HTML
  Rendering articles/new.html.erb within layouts/application
  Rendered articles/_form.html.erb (6.0ms)
  Rendered articles/new.html.erb within layouts/application (27.9ms)
Completed 200 OK in 121ms (Views: 96.1ms | ActiveRecord: 0.0ms)


Started GET "/articles/new" for 127.0.0.1 at 2018-08-18 15:43:53 -0300
Processing by ArticlesController#new as HTML
  Rendering articles/new.html.erb within layouts/application
  Rendered articles/_form.html.erb (6.0ms)
  Rendered articles/new.html.erb within layouts/application (29.9ms)
Completed 200 OK in 119ms (Views: 97.5ms | ActiveRecord: 0.0ms)


Started GET "/articles" for 127.0.0.1 at 2018-08-18 15:44:13 -0300
Processing by ArticlesController#index as HTML
  Rendering articles/index.html.erb within layouts/application
  [1m[36mArticle Load (0.0ms)[0m  [1m[34mSELECT "articles".* FROM "articles"[0m
  ↳ app/views/articles/index.html.erb:20
  Rendered articles/index.html.erb within layouts/application (15.6ms)
Completed 200 OK in 102ms (Views: 81.5ms | ActiveRecord: 0.0ms)


Started GET "/articles/new" for 127.0.0.1 at 2018-08-18 15:44:21 -0300
Processing by ArticlesController#new as HTML
  Rendering articles/new.html.erb within layouts/application
  Rendered articles/_form.html.erb (4.0ms)
  Rendered articles/new.html.erb within layouts/application (29.9ms)
Completed 200 OK in 123ms (Views: 93.4ms | ActiveRecord: 0.0ms)


Started GET "/articles/new" for 127.0.0.1 at 2018-08-18 15:45:34 -0300
Processing by ArticlesController#new as HTML
  Rendering articles/new.html.erb within layouts/application
  Rendered articles/_form.html.erb (6.0ms)
  Rendered articles/new.html.erb within layouts/application (26.9ms)
Completed 200 OK in 105ms (Views: 85.1ms | ActiveRecord: 0.0ms)


Started GET "/articles/new" for 127.0.0.1 at 2018-08-18 15:46:16 -0300
Processing by ArticlesController#new as HTML
  Rendering articles/new.html.erb within layouts/application
  Rendered articles/_form.html.erb (5.0ms)
  Rendered articles/new.html.erb within layouts/application (24.9ms)
Completed 200 OK in 101ms (Views: 80.9ms | ActiveRecord: 0.0ms)


Started GET "/authors" for 127.0.0.1 at 2018-08-18 15:46:42 -0300
  [1m[35m (0.0ms)[0m  [1m[34mSELECT "schema_migrations"."version" FROM "schema_migrations" ORDER BY "schema_migrations"."version" ASC[0m
  ↳ c:/RailsInstaller/Ruby2.3.3/lib/ruby/gems/2.3.0/gems/activerecord-5.2.1/lib/active_record/log_subscriber.rb:98
Processing by AuthorsController#index as HTML
  Rendering authors/index.html.erb within layouts/application
  [1m[36mAuthor Load (1.0ms)[0m  [1m[34mSELECT "authors".* FROM "authors"[0m
  ↳ app/views/authors/index.html.erb:17
  Rendered authors/index.html.erb within layouts/application (18.0ms)
Completed 200 OK in 120ms (Views: 80.8ms | ActiveRecord: 4.0ms)


Started GET "/articles" for 127.0.0.1 at 2018-08-18 15:47:12 -0300
Processing by ArticlesController#index as HTML
  Rendering articles/index.html.erb within layouts/application
  [1m[36mArticle Load (0.0ms)[0m  [1m[34mSELECT "articles".* FROM "articles"[0m
  ↳ app/views/articles/index.html.erb:20
  Rendered articles/index.html.erb within layouts/application (7.0ms)
Completed 200 OK in 91ms (Views: 68.8ms | ActiveRecord: 1.0ms)


Started GET "/articles/new" for 127.0.0.1 at 2018-08-18 15:48:04 -0300
Processing by ArticlesController#new as HTML
  Rendering articles/new.html.erb within layouts/application
  Rendered articles/_form.html.erb (313.2ms)
  Rendered articles/new.html.erb within layouts/application (335.1ms)
Completed 200 OK in 430ms (Views: 401.4ms | ActiveRecord: 1.0ms)


Started GET "/articles/new" for 127.0.0.1 at 2018-08-18 15:49:06 -0300
Processing by ArticlesController#new as HTML
  Rendering articles/new.html.erb within layouts/application
  Rendered articles/_form.html.erb (5.0ms)
  Rendered articles/new.html.erb within layouts/application (29.9ms)
Completed 200 OK in 137ms (Views: 111.0ms | ActiveRecord: 0.0ms)


Started GET "/articles/new" for 127.0.0.1 at 2018-08-18 15:50:45 -0300
Processing by ArticlesController#new as HTML
  Rendering articles/new.html.erb within layouts/application
  Rendered articles/_form.html.erb (5.0ms)
  Rendered articles/new.html.erb within layouts/application (26.9ms)
Completed 200 OK in 109ms (Views: 83.4ms | ActiveRecord: 0.0ms)


Started GET "/articles/new" for 127.0.0.1 at 2018-08-18 15:50:58 -0300
Processing by ArticlesController#new as HTML
  Rendering articles/new.html.erb within layouts/application
  Rendered articles/_form.html.erb (5.0ms)
  Rendered articles/new.html.erb within layouts/application (27.9ms)
Completed 200 OK in 124ms (Views: 95.2ms | ActiveRecord: 0.0ms)


Started GET "/authors/1/edit" for 127.0.0.1 at 2018-08-18 16:02:38 -0300
Processing by AuthorsController#edit as HTML
  Parameters: {"id"=>"1"}
  [1m[36mAuthor Load (0.0ms)[0m  [1m[34mSELECT  "authors".* FROM "authors" WHERE "authors"."id" = ? LIMIT ?[0m  [["id", 1], ["LIMIT", 1]]
  ↳ app/controllers/authors_controller.rb:67
  Rendering authors/edit.html.erb within layouts/application
  Rendered authors/_form.html.erb (4.0ms)
  Rendered authors/edit.html.erb within layouts/application (29.9ms)
Completed 200 OK in 339ms (Views: 89.6ms | ActiveRecord: 0.0ms)


Started GET "/authors/1/edit" for 127.0.0.1 at 2018-08-18 16:02:45 -0300
Processing by AuthorsController#edit as HTML
  Parameters: {"id"=>"1"}
  [1m[36mAuthor Load (1.0ms)[0m  [1m[34mSELECT  "authors".* FROM "authors" WHERE "authors"."id" = ? LIMIT ?[0m  [["id", 1], ["LIMIT", 1]]
  ↳ app/controllers/authors_controller.rb:67
  Rendering authors/edit.html.erb within layouts/application
  Rendered authors/_form.html.erb (3.0ms)
  Rendered authors/edit.html.erb within layouts/application (25.9ms)
Completed 200 OK in 113ms (Views: 81.9ms | ActiveRecord: 1.0ms)
>>>>>>> 1502a334bcbeb5a702d77da26d19d4ce9b43b84b


Started GET "/" for 127.0.0.1 at 2018-08-18 16:25:56 -0300
  [1m[35m (0.1ms)[0m  [1m[34mSELECT "schema_migrations"."version" FROM "schema_migrations" ORDER BY "schema_migrations"."version" ASC[0m
  ↳ /Users/gabriela.sanada/.rvm/rubies/ruby-2.4.2/lib/ruby/gems/2.4.0/gems/sprockets-rails-3.2.1/lib/sprockets/rails/quiet_assets.rb:13
Processing by WelcomeController#index as HTML
  Rendering welcome/index.html.erb within layouts/application
  Rendered welcome/index.html.erb within layouts/application (0.6ms)
Completed 200 OK in 17ms (Views: 7.2ms | ActiveRecord: 0.0ms)


Started GET "/" for 127.0.0.1 at 2018-08-18 16:27:32 -0300
Processing by WelcomeController#index as HTML
  Rendering welcome/index.html.erb within layouts/application
  Rendered welcome/index.html.erb within layouts/application (0.4ms)
Completed 200 OK in 9ms (Views: 6.3ms | ActiveRecord: 0.0ms)


Started GET "/" for 127.0.0.1 at 2018-08-18 16:28:54 -0300
Processing by WelcomeController#index as HTML
  Rendering welcome/index.html.erb within layouts/application
  Rendered welcome/index.html.erb within layouts/application (0.2ms)
Completed 200 OK in 7ms (Views: 5.0ms | ActiveRecord: 0.0ms)


Started GET "/" for 127.0.0.1 at 2018-08-18 16:33:17 -0300
Processing by WelcomeController#index as HTML
  Rendering welcome/index.html.erb within layouts/application
  Rendered welcome/index.html.erb within layouts/application (0.3ms)
Completed 500 Internal Server Error in 23ms (ActiveRecord: 0.0ms)


  
ActionView::Template::Error (No route matches {:action=>"show", :controller=>"articles"}, missing required keys: [:id]):
     6: 
     7:   <body>
     8:     <p>
     9:      <%= link_to 'Artigo', article_path %>
    10:     </p> 
    11:     <%= yield %>
    12:   </body>
  
app/views/layouts/application.html.erb:9:in `_app_views_layouts_application_html_erb___1806629723342865469_70349773733520'
Started GET "/" for 127.0.0.1 at 2018-08-18 16:33:33 -0300
Processing by WelcomeController#index as HTML
  Rendering welcome/index.html.erb within layouts/application
  Rendered welcome/index.html.erb within layouts/application (0.3ms)
Completed 200 OK in 8ms (Views: 5.8ms | ActiveRecord: 0.0ms)


Started GET "/articles" for 127.0.0.1 at 2018-08-18 16:33:42 -0300
Processing by ArticlesController#index as HTML
  Rendering articles/index.html.erb within layouts/application
  [1m[36mArticle Load (0.2ms)[0m  [1m[34mSELECT "articles".* FROM "articles"[0m
  ↳ app/views/articles/index.html.erb:20
  Rendered articles/index.html.erb within layouts/application (12.1ms)
Completed 200 OK in 24ms (Views: 17.1ms | ActiveRecord: 0.8ms)


Started GET "/articles" for 127.0.0.1 at 2018-08-18 16:34:21 -0300
Processing by ArticlesController#index as HTML
  Rendering articles/index.html.erb within layouts/application
  [1m[36mArticle Load (0.2ms)[0m  [1m[34mSELECT "articles".* FROM "articles"[0m
  ↳ app/views/articles/index.html.erb:20
  Rendered articles/index.html.erb within layouts/application (1.8ms)
Completed 200 OK in 11ms (Views: 8.8ms | ActiveRecord: 0.2ms)


Started GET "/" for 127.0.0.1 at 2018-08-18 16:37:02 -0300
Processing by WelcomeController#index as HTML
  Rendering welcome/index.html.erb within layouts/application
  Rendered welcome/index.html.erb within layouts/application (0.2ms)
Completed 500 Internal Server Error in 238ms (ActiveRecord: 0.0ms)


  
ActionView::Template::Error (undefined local variable or method `welcome_path' for #<#<Class:0x00007ff72aa279b0>:0x00007ff72a9b4fa0>):
     8:     <p>
     9:      <%= link_to 'Artigo', articles_path %>
    10:      <%= link_to 'Autor', authors_path %>
    11:      <%= link_to 'Home', welcome_path %>
    12:     </p> 
    13:     <%= yield %>
    14:   </body>
  
app/views/layouts/application.html.erb:11:in `_app_views_layouts_application_html_erb___1806629723342865469_70349774143240'
Started GET "/" for 127.0.0.1 at 2018-08-18 16:37:23 -0300
Processing by WelcomeController#index as HTML
  Rendering welcome/index.html.erb within layouts/application
  Rendered welcome/index.html.erb within layouts/application (0.3ms)
Completed 200 OK in 7ms (Views: 5.5ms | ActiveRecord: 0.0ms)


Started GET "/authors" for 127.0.0.1 at 2018-08-18 16:37:30 -0300
Processing by AuthorsController#index as HTML
  Rendering authors/index.html.erb within layouts/application
  [1m[36mAuthor Load (0.2ms)[0m  [1m[34mSELECT "authors".* FROM "authors"[0m
  ↳ app/views/authors/index.html.erb:17
  Rendered authors/index.html.erb within layouts/application (2.4ms)
Completed 200 OK in 13ms (Views: 8.7ms | ActiveRecord: 0.4ms)


Started GET "/authors/new" for 127.0.0.1 at 2018-08-18 16:37:42 -0300
Processing by AuthorsController#new as HTML
  Rendering authors/new.html.erb within layouts/application
  Rendered authors/_form.html.erb (8.3ms)
  Rendered authors/new.html.erb within layouts/application (13.6ms)
Completed 200 OK in 30ms (Views: 18.6ms | ActiveRecord: 0.4ms)


Started POST "/authors" for 127.0.0.1 at 2018-08-18 16:37:59 -0300
Processing by AuthorsController#create as HTML
  Parameters: {"utf8"=>"✓", "authenticity_token"=>"m1gboJfwddd/T4sqCtIrlvGj426h4ktqz2tjqPtYVLjxeBIJacrLxcc1C6DKa2hKai9bldy2FmI9gRv0DY7KTQ==", "author"=>{"name"=>"Raquel", "job"=>"Analista", "bio"=>"Financeiro", "contact"=>"raquel.silva"}, "commit"=>"Create Author"}
  [1m[35m (0.1ms)[0m  [1m[36mbegin transaction[0m
  ↳ app/controllers/authors_controller.rb:30
  [1m[36mAuthor Create (0.6ms)[0m  [1m[32mINSERT INTO "authors" ("name", "job", "bio", "contact", "created_at", "updated_at") VALUES (?, ?, ?, ?, ?, ?)[0m  [["name", "Raquel"], ["job", "Analista"], ["bio", "Financeiro"], ["contact", "raquel.silva"], ["created_at", "2018-08-18 19:37:59.802804"], ["updated_at", "2018-08-18 19:37:59.802804"]]
  ↳ app/controllers/authors_controller.rb:30
  [1m[35m (2.2ms)[0m  [1m[36mcommit transaction[0m
  ↳ app/controllers/authors_controller.rb:30
Redirected to http://localhost:3000/authors/1
Completed 302 Found in 8ms (ActiveRecord: 2.8ms)


Started GET "/authors/1" for 127.0.0.1 at 2018-08-18 16:37:59 -0300
Processing by AuthorsController#show as HTML
  Parameters: {"id"=>"1"}
  [1m[36mAuthor Load (0.2ms)[0m  [1m[34mSELECT  "authors".* FROM "authors" WHERE "authors"."id" = ? LIMIT ?[0m  [["id", 1], ["LIMIT", 1]]
  ↳ app/controllers/authors_controller.rb:67
  Rendering authors/show.html.erb within layouts/application
  Rendered authors/show.html.erb within layouts/application (0.8ms)
Completed 200 OK in 10ms (Views: 5.9ms | ActiveRecord: 0.2ms)


Started GET "/" for 127.0.0.1 at 2018-08-18 16:38:06 -0300
Processing by WelcomeController#index as HTML
  Rendering welcome/index.html.erb within layouts/application
  Rendered welcome/index.html.erb within layouts/application (0.3ms)
Completed 200 OK in 9ms (Views: 6.8ms | ActiveRecord: 0.0ms)


Started GET "/authors" for 127.0.0.1 at 2018-08-18 16:38:10 -0300
Processing by AuthorsController#index as HTML
  Rendering authors/index.html.erb within layouts/application
  [1m[36mAuthor Load (0.2ms)[0m  [1m[34mSELECT "authors".* FROM "authors"[0m
  ↳ app/views/authors/index.html.erb:17
  Rendered authors/index.html.erb within layouts/application (2.0ms)
Completed 200 OK in 13ms (Views: 10.4ms | ActiveRecord: 0.2ms)


Started GET "/articles" for 127.0.0.1 at 2018-08-18 16:38:13 -0300
Processing by ArticlesController#index as HTML
  Rendering articles/index.html.erb within layouts/application
  [1m[36mArticle Load (0.2ms)[0m  [1m[34mSELECT "articles".* FROM "articles"[0m
  ↳ app/views/articles/index.html.erb:20
  Rendered articles/index.html.erb within layouts/application (1.8ms)
Completed 200 OK in 11ms (Views: 8.2ms | ActiveRecord: 0.2ms)


